<?xml version="1.0" encoding="UTF-8"?><testsuite errors="1" failures="0" name="Registrar usuario" skipped="0" tests="1" time="41.1" timestamp="2020-02-06 11:49:16"><testcase name="Registrar usuario"><error message="Expected condition failed: waiting for By.xpath: //*[@id='yw0']/li[1]/a to be displayed (tried for 5 second(s) with 100 milliseconds interval)&#10;Build info: version: '3.14.0', revision: 'aacccce0', time: '2018-08-02T20:19:58.91Z'&#10;System info: host: 'LAPTOP-LAFQ684S', ip: '172.23.81.180', os.name: 'Windows 10', os.arch: 'amd64', os.version: '10.0', java.version: '1.8.0_241'&#10;Driver info: driver.version: unknown" type="java.lang.AssertionError">Expected condition failed: waiting for By.xpath: //*[@id='yw0']/li[1]/a to be displayed (tried for 5 second(s) with 100 milliseconds interval)
Build info: version: '3.14.0', revision: 'aacccce0', time: '2018-08-02T20:19:58.91Z'
System info: host: 'LAPTOP-LAFQ684S', ip: '172.23.81.180', os.name: 'Windows 10', os.arch: 'amd64', os.version: '10.0', java.version: '1.8.0_241'
Driver info: driver.version: unknown</error><system-err>Expected condition failed: waiting for By.xpath: //*[@id='yw0']/li[1]/a to be displayed (tried for 5 second(s) with 100 milliseconds interval)
Build info: version: '3.14.0', revision: 'aacccce0', time: '2018-08-02T20:19:58.91Z'
System info: host: 'LAPTOP-LAFQ684S', ip: '172.23.81.180', os.name: 'Windows 10', os.arch: 'amd64', os.version: '10.0', java.version: '1.8.0_241'
Driver info: driver.version: unknown&#13;
com.sophossolutions.www.stepdefinitions.StepDefinitionsRegistrarUsuarioDafiti.validarRegistroUsuario(StepDefinitionsRegistrarUsuarioDafiti.java:48)&#13;
✽.Validar registro del usuario(src/test/resources/features/HU002_RegistrarUsuarioDafiti.feature:9)&#13;
</system-err></testcase></testsuite>